[debug] [2024-07-29T11:23:07.246Z] ----------------------------------------------------------------------
[debug] [2024-07-29T11:23:07.249Z] Command:       C:\Program Files\nodejs\node.exe C:\Users\Miguel\AppData\Roaming\npm\node_modules\firebase-tools\lib\bin\firebase.js init
[debug] [2024-07-29T11:23:07.249Z] CLI Version:   13.14.2
[debug] [2024-07-29T11:23:07.249Z] Platform:      win32
[debug] [2024-07-29T11:23:07.249Z] Node Version:  v20.10.0
[debug] [2024-07-29T11:23:07.249Z] Time:          Mon Jul 29 2024 19:23:07 GMT+0800 (Philippine Standard Time)
[debug] [2024-07-29T11:23:07.250Z] ----------------------------------------------------------------------
[debug] 
[debug] [2024-07-29T11:23:07.256Z] > command requires scopes: ["email","openid","https://www.googleapis.com/auth/cloudplatformprojects.readonly","https://www.googleapis.com/auth/firebase","https://www.googleapis.com/auth/cloud-platform"]
[debug] [2024-07-29T11:23:07.256Z] > authorizing via signed-in user (karlinciong04@gmail.com)
[info] 
     ######## #### ########  ######## ########     ###     ######  ########
     ##        ##  ##     ## ##       ##     ##  ##   ##  ##       ##
     ######    ##  ########  ######   ########  #########  ######  ######
     ##        ##  ##    ##  ##       ##     ## ##     ##       ## ##
     ##       #### ##     ## ######## ########  ##     ##  ######  ########

You're about to initialize a Firebase project in this directory:

  D:\Workspace\React Workspace\Summer 2nd year\firebase-tut

[info] 
=== Project Setup
[info] 
[info] First, let's associate this project directory with a Firebase project.
[info] You can create multiple project aliases by running firebase use --add, 
[info] but for now we'll just set up a default project.
[info] 
[debug] [2024-07-29T11:23:12.877Z] >>> [apiv2][query] GET https://firebase.googleapis.com/v1beta1/projects pageSize=100
[debug] [2024-07-29T11:23:13.454Z] <<< [apiv2][status] GET https://firebase.googleapis.com/v1beta1/projects 200
[debug] [2024-07-29T11:23:13.454Z] <<< [apiv2][body] GET https://firebase.googleapis.com/v1beta1/projects [omitted]
[info] i  Using project fir-tut-3ee83 (firebase-tut) 
[info] 
=== Hosting Setup
[debug] [2024-07-29T11:23:17.213Z] >>> [apiv2][query] GET https://firebase.googleapis.com/v1beta1/projects/fir-tut-3ee83 [none]
[debug] [2024-07-29T11:23:17.471Z] <<< [apiv2][status] GET https://firebase.googleapis.com/v1beta1/projects/fir-tut-3ee83 200
[debug] [2024-07-29T11:23:17.471Z] <<< [apiv2][body] GET https://firebase.googleapis.com/v1beta1/projects/fir-tut-3ee83 {"projectId":"fir-tut-3ee83","projectNumber":"39181562436","displayName":"firebase-tut","name":"projects/fir-tut-3ee83","resources":{"hostingSite":"fir-tut-3ee83","storageBucket":"fir-tut-3ee83.appspot.com","locationId":"us-central"},"state":"ACTIVE","etag":"1_3e2ce828-1b55-4ba4-8179-f89bd851730f"}
[info] 
[info] Your public directory is the folder (relative to your project directory) that
[info] will contain Hosting assets to be uploaded with firebase deploy. If you
[info] have a build process for your assets, use your build's output directory.
[info] 
[info] +  Wrote public/404.html 
[debug] [2024-07-29T11:24:45.001Z] >>> [apiv2][query] GET https://www.gstatic.com/firebasejs/releases.json [none]
[debug] [2024-07-29T11:24:45.203Z] <<< [apiv2][status] GET https://www.gstatic.com/firebasejs/releases.json 200
[debug] [2024-07-29T11:24:45.203Z] <<< [apiv2][body] GET https://www.gstatic.com/firebasejs/releases.json {"current":{"version":"10.12.4","browserURL":"https://www.gstatic.com/firebasejs/10.12.4/firebase.js","packageURL":"https://www.gstatic.com/firebasejs/10.12.4/firebase.tgz"},"live":{"version":"10.12","browserURL":"https://www.gstatic.com/firebasejs/live/10.12/firebase.js","packageURL":"https://www.gstatic.com/firebasejs/live/10.12/firebase.tgz"},"components":{"analytics":"https://www.gstatic.com/firebasejs/10.12.4/firebase-analytics.js","app":"https://www.gstatic.com/firebasejs/10.12.4/firebase-app.js","app-check":"https://www.gstatic.com/firebasejs/10.12.4/firebase-app-check.js","auth":"https://www.gstatic.com/firebasejs/10.12.4/firebase-auth.js","auth/cordova":"https://www.gstatic.com/firebasejs/10.12.4/firebase-auth/cordova.js","auth/web-extension":"https://www.gstatic.com/firebasejs/10.12.4/firebase-auth/web-extension.js","functions":"https://www.gstatic.com/firebasejs/10.12.4/firebase-functions.js","firestore":"https://www.gstatic.com/firebasejs/10.12.4/firebase-firestore.js","firestore/lite":"https://www.gstatic.com/firebasejs/10.12.4/firebase-firestore/lite.js","installations":"https://www.gstatic.com/firebasejs/10.12.4/firebase-installations.js","storage":"https://www.gstatic.com/firebasejs/10.12.4/firebase-storage.js","performance":"https://www.gstatic.com/firebasejs/10.12.4/firebase-performance.js","remote-config":"https://www.gstatic.com/firebasejs/10.12.4/firebase-remote-config.js","messaging":"https://www.gstatic.com/firebasejs/10.12.4/firebase-messaging.js","messaging/sw":"https://www.gstatic.com/firebasejs/10.12.4/firebase-messaging/sw.js","database":"https://www.gstatic.com/firebasejs/10.12.4/firebase-database.js","vertexai-preview":"https://www.gstatic.com/firebasejs/10.12.4/firebase-vertexai-preview.js","firestore.memory":"https://www.gstatic.com/firebasejs/10.12.4/firebase-firestore.memory.js"}}
[info] i  Skipping write of public/index.html 
[info] 
[info] i  Didn't detect a .git folder. Assuming D:\Workspace\React Workspace\Summer 2nd year\firebase-tut is the project root. 
[info] i  Authorizing with GitHub to upload your service account to a GitHub repository's secrets store. 
[info] 
[info] Visit this URL on this device to log in:
[info] https://github.com/login/oauth/authorize?client_id=89cf50f02ac6aaed3484&state=596171246&redirect_uri=http%3A%2F%2Flocalhost%3A9005&scope=read%3Auser%20repo%20public_repo
[info] 
[info] Waiting for authentication...
[debug] [2024-07-29T11:25:23.270Z] >>> [apiv2][query] POST https://github.com/login/oauth/access_token [none]
[debug] [2024-07-29T11:25:23.270Z] >>> [apiv2][body] POST https://github.com/login/oauth/access_token [stream]
[debug] [2024-07-29T11:25:23.709Z] <<< [apiv2][status] POST https://github.com/login/oauth/access_token 200
[debug] [2024-07-29T11:25:23.710Z] <<< [apiv2][body] POST https://github.com/login/oauth/access_token {"access_token":"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","token_type":"bearer","scope":"read:user,repo"}
[debug] [2024-07-29T11:25:23.712Z] >>> [apiv2][query] GET https://api.github.com/user [none]
[debug] [2024-07-29T11:25:24.152Z] <<< [apiv2][status] GET https://api.github.com/user 200
[debug] [2024-07-29T11:25:24.152Z] <<< [apiv2][body] GET https://api.github.com/user {"login":"Ciongg","id":156563042,"node_id":"U_kgDOCVT2Yg","avatar_url":"https://avatars.githubusercontent.com/u/156563042?v=4","gravatar_id":"","url":"https://api.github.com/users/Ciongg","html_url":"https://github.com/Ciongg","followers_url":"https://api.github.com/users/Ciongg/followers","following_url":"https://api.github.com/users/Ciongg/following{/other_user}","gists_url":"https://api.github.com/users/Ciongg/gists{/gist_id}","starred_url":"https://api.github.com/users/Ciongg/starred{/owner}{/repo}","subscriptions_url":"https://api.github.com/users/Ciongg/subscriptions","organizations_url":"https://api.github.com/users/Ciongg/orgs","repos_url":"https://api.github.com/users/Ciongg/repos","events_url":"https://api.github.com/users/Ciongg/events{/privacy}","received_events_url":"https://api.github.com/users/Ciongg/received_events","type":"User","site_admin":false,"name":null,"company":null,"blog":"","location":null,"email":null,"hireable":null,"bio":null,"twitter_username":null,"public_repos":2,"public_gists":0,"followers":0,"following":0,"created_at":"2024-01-14T04:55:34Z","updated_at":"2024-06-12T10:26:28Z","private_gists":0,"total_private_repos":1,"owned_private_repos":1,"disk_usage":53,"collaborators":0,"two_factor_authentication":false,"plan":{"name":"free","space":976562499,"collaborators":0,"private_repos":10000}}
[info] 
[info] +  Success! Logged into GitHub as Ciongg 
[info] 
[debug] [2024-07-29T11:37:28.769Z] ----------------------------------------------------------------------
[debug] [2024-07-29T11:37:28.772Z] Command:       C:\Program Files\nodejs\node.exe C:\Users\Miguel\AppData\Roaming\npm\node_modules\firebase-tools\lib\bin\firebase.js init
[debug] [2024-07-29T11:37:28.772Z] CLI Version:   13.14.2
[debug] [2024-07-29T11:37:28.772Z] Platform:      win32
[debug] [2024-07-29T11:37:28.772Z] Node Version:  v20.10.0
[debug] [2024-07-29T11:37:28.772Z] Time:          Mon Jul 29 2024 19:37:28 GMT+0800 (Philippine Standard Time)
[debug] [2024-07-29T11:37:28.772Z] ----------------------------------------------------------------------
[debug] 
[debug] [2024-07-29T11:37:28.779Z] > command requires scopes: ["email","openid","https://www.googleapis.com/auth/cloudplatformprojects.readonly","https://www.googleapis.com/auth/firebase","https://www.googleapis.com/auth/cloud-platform"]
[debug] [2024-07-29T11:37:28.779Z] > authorizing via signed-in user (karlinciong04@gmail.com)
[info] 
     ######## #### ########  ######## ########     ###     ######  ########
     ##        ##  ##     ## ##       ##     ##  ##   ##  ##       ##
     ######    ##  ########  ######   ########  #########  ######  ######
     ##        ##  ##    ##  ##       ##     ## ##     ##       ## ##
     ##       #### ##     ## ######## ########  ##     ##  ######  ########

You're about to initialize a Firebase project in this directory:

  D:\Workspace\React Workspace\Summer 2nd year\firebase-tut

[info] 
=== Project Setup
[info] 
[info] First, let's associate this project directory with a Firebase project.
[info] You can create multiple project aliases by running firebase use --add, 
[info] but for now we'll just set up a default project.
[info] 
[debug] [2024-07-29T11:37:33.407Z] >>> [apiv2][query] GET https://firebase.googleapis.com/v1beta1/projects pageSize=100
[debug] [2024-07-29T11:37:34.008Z] <<< [apiv2][status] GET https://firebase.googleapis.com/v1beta1/projects 200
[debug] [2024-07-29T11:37:34.008Z] <<< [apiv2][body] GET https://firebase.googleapis.com/v1beta1/projects [omitted]
[info] i  Using project fir-tut-3ee83 (firebase-tut) 
[info] 
=== Hosting Setup
[debug] [2024-07-29T11:37:35.155Z] >>> [apiv2][query] GET https://firebase.googleapis.com/v1beta1/projects/fir-tut-3ee83 [none]
[debug] [2024-07-29T11:37:35.418Z] <<< [apiv2][status] GET https://firebase.googleapis.com/v1beta1/projects/fir-tut-3ee83 200
[debug] [2024-07-29T11:37:35.418Z] <<< [apiv2][body] GET https://firebase.googleapis.com/v1beta1/projects/fir-tut-3ee83 {"projectId":"fir-tut-3ee83","projectNumber":"39181562436","displayName":"firebase-tut","name":"projects/fir-tut-3ee83","resources":{"hostingSite":"fir-tut-3ee83","storageBucket":"fir-tut-3ee83.appspot.com","locationId":"us-central"},"state":"ACTIVE","etag":"1_3e2ce828-1b55-4ba4-8179-f89bd851730f"}
[info] 
[info] Your public directory is the folder (relative to your project directory) that
[info] will contain Hosting assets to be uploaded with firebase deploy. If you
[info] have a build process for your assets, use your build's output directory.
[info] 
[info] i  Skipping write of public/404.html 
[debug] [2024-07-29T11:38:13.882Z] >>> [apiv2][query] GET https://www.gstatic.com/firebasejs/releases.json [none]
[debug] [2024-07-29T11:38:13.939Z] <<< [apiv2][status] GET https://www.gstatic.com/firebasejs/releases.json 200
[debug] [2024-07-29T11:38:13.939Z] <<< [apiv2][body] GET https://www.gstatic.com/firebasejs/releases.json {"current":{"version":"10.12.4","browserURL":"https://www.gstatic.com/firebasejs/10.12.4/firebase.js","packageURL":"https://www.gstatic.com/firebasejs/10.12.4/firebase.tgz"},"live":{"version":"10.12","browserURL":"https://www.gstatic.com/firebasejs/live/10.12/firebase.js","packageURL":"https://www.gstatic.com/firebasejs/live/10.12/firebase.tgz"},"components":{"analytics":"https://www.gstatic.com/firebasejs/10.12.4/firebase-analytics.js","app":"https://www.gstatic.com/firebasejs/10.12.4/firebase-app.js","app-check":"https://www.gstatic.com/firebasejs/10.12.4/firebase-app-check.js","auth":"https://www.gstatic.com/firebasejs/10.12.4/firebase-auth.js","auth/cordova":"https://www.gstatic.com/firebasejs/10.12.4/firebase-auth/cordova.js","auth/web-extension":"https://www.gstatic.com/firebasejs/10.12.4/firebase-auth/web-extension.js","functions":"https://www.gstatic.com/firebasejs/10.12.4/firebase-functions.js","firestore":"https://www.gstatic.com/firebasejs/10.12.4/firebase-firestore.js","firestore/lite":"https://www.gstatic.com/firebasejs/10.12.4/firebase-firestore/lite.js","installations":"https://www.gstatic.com/firebasejs/10.12.4/firebase-installations.js","storage":"https://www.gstatic.com/firebasejs/10.12.4/firebase-storage.js","performance":"https://www.gstatic.com/firebasejs/10.12.4/firebase-performance.js","remote-config":"https://www.gstatic.com/firebasejs/10.12.4/firebase-remote-config.js","messaging":"https://www.gstatic.com/firebasejs/10.12.4/firebase-messaging.js","messaging/sw":"https://www.gstatic.com/firebasejs/10.12.4/firebase-messaging/sw.js","database":"https://www.gstatic.com/firebasejs/10.12.4/firebase-database.js","vertexai-preview":"https://www.gstatic.com/firebasejs/10.12.4/firebase-vertexai-preview.js","firestore.memory":"https://www.gstatic.com/firebasejs/10.12.4/firebase-firestore.memory.js"}}
[info] i  Skipping write of public/index.html 
[info] 
[info] i  Detected a .git folder at D:\Workspace\React Workspace\Summer 2nd year\firebase-tut 
[info] i  Authorizing with GitHub to upload your service account to a GitHub repository's secrets store. 
[info] 
[info] Visit this URL on this device to log in:
[info] https://github.com/login/oauth/authorize?client_id=89cf50f02ac6aaed3484&state=178609125&redirect_uri=http%3A%2F%2Flocalhost%3A9005&scope=read%3Auser%20repo%20public_repo
[info] 
[info] Waiting for authentication...
[debug] [2024-07-29T11:38:40.895Z] >>> [apiv2][query] POST https://github.com/login/oauth/access_token [none]
[debug] [2024-07-29T11:38:40.896Z] >>> [apiv2][body] POST https://github.com/login/oauth/access_token [stream]
[debug] [2024-07-29T11:38:41.377Z] <<< [apiv2][status] POST https://github.com/login/oauth/access_token 200
[debug] [2024-07-29T11:38:41.377Z] <<< [apiv2][body] POST https://github.com/login/oauth/access_token {"access_token":"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","token_type":"bearer","scope":"read:user,repo"}
[debug] [2024-07-29T11:38:41.381Z] >>> [apiv2][query] GET https://api.github.com/user [none]
[debug] [2024-07-29T11:38:41.838Z] <<< [apiv2][status] GET https://api.github.com/user 200
[debug] [2024-07-29T11:38:41.838Z] <<< [apiv2][body] GET https://api.github.com/user {"login":"Ciongg","id":156563042,"node_id":"U_kgDOCVT2Yg","avatar_url":"https://avatars.githubusercontent.com/u/156563042?v=4","gravatar_id":"","url":"https://api.github.com/users/Ciongg","html_url":"https://github.com/Ciongg","followers_url":"https://api.github.com/users/Ciongg/followers","following_url":"https://api.github.com/users/Ciongg/following{/other_user}","gists_url":"https://api.github.com/users/Ciongg/gists{/gist_id}","starred_url":"https://api.github.com/users/Ciongg/starred{/owner}{/repo}","subscriptions_url":"https://api.github.com/users/Ciongg/subscriptions","organizations_url":"https://api.github.com/users/Ciongg/orgs","repos_url":"https://api.github.com/users/Ciongg/repos","events_url":"https://api.github.com/users/Ciongg/events{/privacy}","received_events_url":"https://api.github.com/users/Ciongg/received_events","type":"User","site_admin":false,"name":null,"company":null,"blog":"","location":null,"email":null,"hireable":null,"bio":null,"twitter_username":null,"public_repos":3,"public_gists":0,"followers":0,"following":0,"created_at":"2024-01-14T04:55:34Z","updated_at":"2024-06-12T10:26:28Z","private_gists":0,"total_private_repos":1,"owned_private_repos":1,"disk_usage":53,"collaborators":0,"two_factor_authentication":false,"plan":{"name":"free","space":976562499,"collaborators":0,"private_repos":10000}}
[info] 
[info] +  Success! Logged into GitHub as Ciongg 
[info] 
